libs/SmartSync/build/outputs/logs/manifest-merger-debug-report.txt
-- Merging decision tree log ---
manifest
ADDED from libs\SmartSync\AndroidManifest.xml:3:1-12:12
INJECTED from libs\SmartSync\AndroidManifest.xml:3:1-12:12
INJECTED from libs\SmartSync\AndroidManifest.xml:3:1-12:12
INJECTED from libs\SmartSync\AndroidManifest.xml:3:1-12:12
INJECTED from libs\SmartSync\AndroidManifest.xml:3:1-12:12
INJECTED from libs\SmartSync\AndroidManifest.xml:3:1-12:12
INJECTED from libs\SmartSync\AndroidManifest.xml:3:1-12:12
	package
		ADDED from libs\SmartSync\AndroidManifest.xml:4:5-50
		INJECTED from libs\SmartSync\AndroidManifest.xml
		INJECTED from libs\SmartSync\AndroidManifest.xml
	android:versionName
		ADDED from libs\SmartSync\AndroidManifest.xml:6:5-32
		INJECTED from libs\SmartSync\AndroidManifest.xml
		INJECTED from libs\SmartSync\AndroidManifest.xml
	xmlns:android
		ADDED from libs\SmartSync\AndroidManifest.xml:3:11-69
	android:versionCode
		ADDED from libs\SmartSync\AndroidManifest.xml:5:5-29
		INJECTED from libs\SmartSync\AndroidManifest.xml
		INJECTED from libs\SmartSync\AndroidManifest.xml
uses-sdk
ADDED from libs\SmartSync\AndroidManifest.xml:8:5-9:41
	android:targetSdkVersion
		ADDED from libs\SmartSync\AndroidManifest.xml:9:9-38
	android:minSdkVersion
		ADDED from libs\SmartSync\AndroidManifest.xml:8:15-41
application
ADDED from libs\SmartSync\AndroidManifest.xml:11:5-20